{"/Users/ammarhazrin/Documents/valuelabs/photoAlbum/App.js": {"path":"/Users/ammarhazrin/Documents/valuelabs/photoAlbum/App.js","statementMap":{"0":{"start":{"line":8,"column":14},"end":{"line":8,"column":36}},"1":{"start":{"line":11,"column":1},"end":{"line":21,"column":3}}},"fnMap":{"0":{"name":"App","decl":{"start":{"line":10,"column":24},"end":{"line":10,"column":27}},"loc":{"start":{"line":10,"column":30},"end":{"line":22,"column":1}},"line":10}},"branchMap":{},"s":{"0":1,"1":1},"f":{"0":1},"b":{},"_coverageSchema":"1a1c01bbd47fc00a2c39e90264f33305004495a9","hash":"810e2a1e241f5ff3b42445998553b84e30e03d35"}
,"/Users/ammarhazrin/Documents/valuelabs/photoAlbum/src/views/HomePage.js": {"path":"/Users/ammarhazrin/Documents/valuelabs/photoAlbum/src/views/HomePage.js","statementMap":{"0":{"start":{"line":6,"column":17},"end":{"line":37,"column":1}},"1":{"start":{"line":7,"column":38},"end":{"line":7,"column":50}},"2":{"start":{"line":9,"column":4},"end":{"line":18,"column":9}},"3":{"start":{"line":10,"column":8},"end":{"line":17,"column":14}},"4":{"start":{"line":13,"column":16},"end":{"line":13,"column":38}},"5":{"start":{"line":16,"column":16},"end":{"line":16,"column":34}},"6":{"start":{"line":20,"column":20},"end":{"line":28,"column":6}},"7":{"start":{"line":21,"column":8},"end":{"line":27,"column":9}},"8":{"start":{"line":22,"column":60},"end":{"line":22,"column":119}},"9":{"start":{"line":30,"column":4},"end":{"line":36,"column":6}},"10":{"start":{"line":39,"column":14},"end":{"line":39,"column":44}},"11":{"start":{"line":41,"column":15},"end":{"line":60,"column":2}}},"fnMap":{"0":{"name":"(anonymous_0)","decl":{"start":{"line":6,"column":17},"end":{"line":6,"column":18}},"loc":{"start":{"line":6,"column":35},"end":{"line":37,"column":1}},"line":6},"1":{"name":"(anonymous_1)","decl":{"start":{"line":9,"column":14},"end":{"line":9,"column":15}},"loc":{"start":{"line":9,"column":20},"end":{"line":18,"column":5}},"line":9},"2":{"name":"(anonymous_2)","decl":{"start":{"line":12,"column":18},"end":{"line":12,"column":19}},"loc":{"start":{"line":12,"column":27},"end":{"line":14,"column":13}},"line":12},"3":{"name":"(anonymous_3)","decl":{"start":{"line":15,"column":19},"end":{"line":15,"column":20}},"loc":{"start":{"line":15,"column":29},"end":{"line":17,"column":13}},"line":15},"4":{"name":"(anonymous_4)","decl":{"start":{"line":20,"column":34},"end":{"line":20,"column":35}},"loc":{"start":{"line":20,"column":44},"end":{"line":28,"column":5}},"line":20},"5":{"name":"(anonymous_5)","decl":{"start":{"line":22,"column":53},"end":{"line":22,"column":54}},"loc":{"start":{"line":22,"column":59},"end":{"line":22,"column":120}},"line":22}},"branchMap":{},"s":{"0":1,"1":1,"2":1,"3":1,"4":0,"5":0,"6":1,"7":0,"8":0,"9":1,"10":1,"11":1},"f":{"0":1,"1":1,"2":0,"3":0,"4":0,"5":0},"b":{},"_coverageSchema":"1a1c01bbd47fc00a2c39e90264f33305004495a9","hash":"39df432e2c10619a29e9030d650b458e732d675b"}
,"/Users/ammarhazrin/Documents/valuelabs/photoAlbum/src/views/Photo.js": {"path":"/Users/ammarhazrin/Documents/valuelabs/photoAlbum/src/views/Photo.js","statementMap":{"0":{"start":{"line":7,"column":14},"end":{"line":68,"column":1}},"1":{"start":{"line":8,"column":40},"end":{"line":8,"column":52}},"2":{"start":{"line":9,"column":38},"end":{"line":9,"column":53}},"3":{"start":{"line":10,"column":42},"end":{"line":10,"column":53}},"4":{"start":{"line":11,"column":35},"end":{"line":11,"column":47}},"5":{"start":{"line":13,"column":4},"end":{"line":15,"column":9}},"6":{"start":{"line":14,"column":8},"end":{"line":14,"column":49}},"7":{"start":{"line":17,"column":25},"end":{"line":31,"column":5}},"8":{"start":{"line":18,"column":8},"end":{"line":30,"column":9}},"9":{"start":{"line":18,"column":21},"end":{"line":18,"column":22}},"10":{"start":{"line":19,"column":12},"end":{"line":23,"column":13}},"11":{"start":{"line":20,"column":16},"end":{"line":22,"column":17}},"12":{"start":{"line":21,"column":20},"end":{"line":21,"column":38}},"13":{"start":{"line":25,"column":12},"end":{"line":29,"column":13}},"14":{"start":{"line":26,"column":16},"end":{"line":28,"column":17}},"15":{"start":{"line":27,"column":20},"end":{"line":27,"column":48}},"16":{"start":{"line":33,"column":22},"end":{"line":35,"column":5}},"17":{"start":{"line":34,"column":8},"end":{"line":34,"column":25}},"18":{"start":{"line":37,"column":26},"end":{"line":39,"column":5}},"19":{"start":{"line":38,"column":8},"end":{"line":38,"column":26}},"20":{"start":{"line":41,"column":4},"end":{"line":67,"column":6}},"21":{"start":{"line":51,"column":51},"end":{"line":51,"column":69}},"22":{"start":{"line":55,"column":32},"end":{"line":55,"column":82}},"23":{"start":{"line":70,"column":14},"end":{"line":70,"column":44}},"24":{"start":{"line":72,"column":15},"end":{"line":124,"column":2}}},"fnMap":{"0":{"name":"(anonymous_0)","decl":{"start":{"line":7,"column":14},"end":{"line":7,"column":15}},"loc":{"start":{"line":7,"column":39},"end":{"line":68,"column":1}},"line":7},"1":{"name":"(anonymous_1)","decl":{"start":{"line":13,"column":14},"end":{"line":13,"column":15}},"loc":{"start":{"line":13,"column":20},"end":{"line":15,"column":5}},"line":13},"2":{"name":"(anonymous_2)","decl":{"start":{"line":17,"column":25},"end":{"line":17,"column":26}},"loc":{"start":{"line":17,"column":56},"end":{"line":31,"column":5}},"line":17},"3":{"name":"(anonymous_3)","decl":{"start":{"line":33,"column":22},"end":{"line":33,"column":23}},"loc":{"start":{"line":33,"column":28},"end":{"line":35,"column":5}},"line":33},"4":{"name":"(anonymous_4)","decl":{"start":{"line":37,"column":26},"end":{"line":37,"column":27}},"loc":{"start":{"line":37,"column":32},"end":{"line":39,"column":5}},"line":37},"5":{"name":"(anonymous_5)","decl":{"start":{"line":51,"column":42},"end":{"line":51,"column":43}},"loc":{"start":{"line":51,"column":51},"end":{"line":51,"column":69}},"line":51},"6":{"name":"(anonymous_6)","decl":{"start":{"line":54,"column":49},"end":{"line":54,"column":50}},"loc":{"start":{"line":54,"column":58},"end":{"line":56,"column":29}},"line":54}},"branchMap":{"0":{"loc":{"start":{"line":19,"column":12},"end":{"line":23,"column":13}},"type":"if","locations":[{"start":{"line":19,"column":12},"end":{"line":23,"column":13}},{"start":{},"end":{}}],"line":19},"1":{"loc":{"start":{"line":20,"column":16},"end":{"line":22,"column":17}},"type":"if","locations":[{"start":{"line":20,"column":16},"end":{"line":22,"column":17}},{"start":{},"end":{}}],"line":20},"2":{"loc":{"start":{"line":25,"column":12},"end":{"line":29,"column":13}},"type":"if","locations":[{"start":{"line":25,"column":12},"end":{"line":29,"column":13}},{"start":{},"end":{}}],"line":25},"3":{"loc":{"start":{"line":26,"column":16},"end":{"line":28,"column":17}},"type":"if","locations":[{"start":{"line":26,"column":16},"end":{"line":28,"column":17}},{"start":{},"end":{}}],"line":26},"4":{"loc":{"start":{"line":44,"column":13},"end":{"line":59,"column":17}},"type":"cond-expr","locations":[{"start":{"line":45,"column":20},"end":{"line":45,"column":66}},{"start":{"line":47,"column":20},"end":{"line":58,"column":27}}],"line":44},"5":{"loc":{"start":{"line":61,"column":39},"end":{"line":61,"column":78}},"type":"cond-expr","locations":[{"start":{"line":61,"column":53},"end":{"line":61,"column":62}},{"start":{"line":61,"column":65},"end":{"line":61,"column":78}}],"line":61},"6":{"loc":{"start":{"line":63,"column":101},"end":{"line":63,"column":139}},"type":"cond-expr","locations":[{"start":{"line":63,"column":115},"end":{"line":63,"column":125}},{"start":{"line":63,"column":128},"end":{"line":63,"column":139}}],"line":63}},"s":{"0":1,"1":0,"2":0,"3":0,"4":0,"5":0,"6":0,"7":0,"8":0,"9":0,"10":0,"11":0,"12":0,"13":0,"14":0,"15":0,"16":0,"17":0,"18":0,"19":0,"20":0,"21":0,"22":0,"23":1,"24":1},"f":{"0":0,"1":0,"2":0,"3":0,"4":0,"5":0,"6":0},"b":{"0":[0,0],"1":[0,0],"2":[0,0],"3":[0,0],"4":[0,0],"5":[0,0],"6":[0,0]},"_coverageSchema":"1a1c01bbd47fc00a2c39e90264f33305004495a9","hash":"17141aacdea8b6a9536d9fd42387ccebee3fda35"}
,"/Users/ammarhazrin/Documents/valuelabs/photoAlbum/src/views/PhotoList.js": {"path":"/Users/ammarhazrin/Documents/valuelabs/photoAlbum/src/views/PhotoList.js","statementMap":{"0":{"start":{"line":7,"column":18},"end":{"line":36,"column":1}},"1":{"start":{"line":8,"column":32},"end":{"line":8,"column":44}},"2":{"start":{"line":9,"column":24},"end":{"line":9,"column":36}},"3":{"start":{"line":11,"column":4},"end":{"line":20,"column":9}},"4":{"start":{"line":12,"column":8},"end":{"line":19,"column":14}},"5":{"start":{"line":15,"column":16},"end":{"line":15,"column":35}},"6":{"start":{"line":18,"column":16},"end":{"line":18,"column":34}},"7":{"start":{"line":22,"column":24},"end":{"line":28,"column":6}},"8":{"start":{"line":23,"column":8},"end":{"line":27,"column":9}},"9":{"start":{"line":24,"column":56},"end":{"line":24,"column":125}},"10":{"start":{"line":29,"column":4},"end":{"line":35,"column":6}},"11":{"start":{"line":38,"column":14},"end":{"line":38,"column":44}},"12":{"start":{"line":39,"column":23},"end":{"line":39,"column":63}},"13":{"start":{"line":41,"column":15},"end":{"line":53,"column":2}}},"fnMap":{"0":{"name":"(anonymous_0)","decl":{"start":{"line":7,"column":18},"end":{"line":7,"column":19}},"loc":{"start":{"line":7,"column":43},"end":{"line":36,"column":1}},"line":7},"1":{"name":"(anonymous_1)","decl":{"start":{"line":11,"column":14},"end":{"line":11,"column":15}},"loc":{"start":{"line":11,"column":20},"end":{"line":20,"column":5}},"line":11},"2":{"name":"(anonymous_2)","decl":{"start":{"line":14,"column":18},"end":{"line":14,"column":19}},"loc":{"start":{"line":14,"column":27},"end":{"line":16,"column":13}},"line":14},"3":{"name":"(anonymous_3)","decl":{"start":{"line":17,"column":19},"end":{"line":17,"column":20}},"loc":{"start":{"line":17,"column":29},"end":{"line":19,"column":13}},"line":17},"4":{"name":"(anonymous_4)","decl":{"start":{"line":22,"column":35},"end":{"line":22,"column":36}},"loc":{"start":{"line":22,"column":50},"end":{"line":28,"column":5}},"line":22},"5":{"name":"(anonymous_5)","decl":{"start":{"line":24,"column":49},"end":{"line":24,"column":50}},"loc":{"start":{"line":24,"column":55},"end":{"line":24,"column":126}},"line":24}},"branchMap":{},"s":{"0":1,"1":0,"2":0,"3":0,"4":0,"5":0,"6":0,"7":0,"8":0,"9":0,"10":0,"11":1,"12":1,"13":1},"f":{"0":0,"1":0,"2":0,"3":0,"4":0,"5":0},"b":{},"_coverageSchema":"1a1c01bbd47fc00a2c39e90264f33305004495a9","hash":"2bd5e2b4b8ed08c07a879127bf135d1fe92c69b4"}
}
